This file contains any messages produced by compilers while
running configure, to aid debugging if configure makes a mistake.

It was created by configure, which was
generated by GNU Autoconf 2.65.  Invocation command line was

  $ ./configure --no-create --no-recursion

## --------- ##
## Platform. ##
## --------- ##

hostname = 31081-ou
uname -m = x86_64
uname -r = 2.6.32-24-generic
uname -s = Linux
uname -v = #41-Ubuntu SMP Thu Aug 19 01:38:40 UTC 2010

/usr/bin/uname -p = unknown
/bin/uname -X     = unknown

/bin/arch              = unknown
/usr/bin/arch -k       = unknown
/usr/convex/getsysinfo = unknown
/usr/bin/hostinfo      = unknown
/bin/machine           = unknown
/usr/bin/oslevel       = unknown
/bin/universe          = unknown

PATH: /opt/fsharp/bin
PATH: /opt/matlab2009b/bin
PATH: /home/ken/bin
PATH: /usr/local/sbin
PATH: /usr/local/bin
PATH: /usr/sbin
PATH: /usr/bin
PATH: /sbin
PATH: /bin
PATH: /usr/games


## ----------- ##
## Core tests. ##
## ----------- ##

configure:2444: checking for a BSD-compatible install
configure:2512: result: /usr/bin/install -c
configure:2523: checking whether build environment is sane
configure:2573: result: yes
configure:2714: checking for a thread-safe mkdir -p
configure:2753: result: /bin/mkdir -p
configure:2766: checking for gawk
configure:2782: found /usr/bin/gawk
configure:2793: result: gawk
configure:2804: checking whether make sets $(MAKE)
configure:2826: result: yes
configure:2960: checking for gcc
configure:2976: found /usr/bin/gcc
configure:2987: result: gcc
configure:3216: checking for C compiler version
configure:3225: gcc --version >&5
gcc (Ubuntu 4.4.3-4ubuntu5) 4.4.3
Copyright (C) 2009 Free Software Foundation, Inc.
This is free software; see the source for copying conditions.  There is NO
warranty; not even for MERCHANTABILITY or FITNESS FOR A PARTICULAR PURPOSE.

configure:3236: $? = 0
configure:3225: gcc -v >&5
Using built-in specs.
Target: x86_64-linux-gnu
Configured with: ../src/configure -v --with-pkgversion='Ubuntu 4.4.3-4ubuntu5' --with-bugurl=file:///usr/share/doc/gcc-4.4/README.Bugs --enable-languages=c,c++,fortran,objc,obj-c++ --prefix=/usr --enable-shared --enable-multiarch --enable-linker-build-id --with-system-zlib --libexecdir=/usr/lib --without-included-gettext --enable-threads=posix --with-gxx-include-dir=/usr/include/c++/4.4 --program-suffix=-4.4 --enable-nls --enable-clocale=gnu --enable-libstdcxx-debug --enable-plugin --enable-objc-gc --disable-werror --with-arch-32=i486 --with-tune=generic --enable-checking=release --build=x86_64-linux-gnu --host=x86_64-linux-gnu --target=x86_64-linux-gnu
Thread model: posix
gcc version 4.4.3 (Ubuntu 4.4.3-4ubuntu5) 
configure:3236: $? = 0
configure:3225: gcc -V >&5
gcc: '-V' option must have argument
configure:3236: $? = 1
configure:3225: gcc -qversion >&5
gcc: unrecognized option '-qversion'
gcc: no input files
configure:3236: $? = 1
configure:3256: checking whether the C compiler works
configure:3278: gcc    conftest.c  >&5
configure:3282: $? = 0
configure:3331: result: yes
configure:3334: checking for C compiler default output file name
configure:3336: result: a.out
configure:3342: checking for suffix of executables
configure:3349: gcc -o conftest    conftest.c  >&5
configure:3353: $? = 0
configure:3375: result: 
configure:3397: checking whether we are cross compiling
configure:3405: gcc -o conftest    conftest.c  >&5
configure:3409: $? = 0
configure:3416: ./conftest
configure:3420: $? = 0
configure:3435: result: no
configure:3440: checking for suffix of object files
configure:3462: gcc -c   conftest.c >&5
configure:3466: $? = 0
configure:3487: result: o
configure:3491: checking whether we are using the GNU C compiler
configure:3510: gcc -c   conftest.c >&5
configure:3510: $? = 0
configure:3519: result: yes
configure:3528: checking whether gcc accepts -g
configure:3548: gcc -c -g  conftest.c >&5
configure:3548: $? = 0
configure:3589: result: yes
configure:3606: checking for gcc option to accept ISO C89
configure:3670: gcc  -c -g -O2  conftest.c >&5
configure:3670: $? = 0
configure:3683: result: none needed
configure:3714: checking for style of include used by make
configure:3742: result: GNU
configure:3767: checking dependency style of gcc
configure:3877: result: gcc3
configure:3921: checking build system type
configure:3935: result: x86_64-unknown-linux-gnu
configure:3955: checking host system type
configure:3968: result: x86_64-unknown-linux-gnu
configure:3988: checking for a sed that does not truncate output
configure:4052: result: /bin/sed
configure:4070: checking for grep that handles long lines and -e
configure:4128: result: /bin/grep
configure:4133: checking for egrep
configure:4195: result: /bin/grep -E
configure:4200: checking for fgrep
configure:4262: result: /bin/grep -F
configure:4297: checking for ld used by gcc
configure:4364: result: /usr/bin/ld
configure:4371: checking if the linker (/usr/bin/ld) is GNU ld
configure:4386: result: yes
configure:4398: checking for BSD- or MS-compatible name lister (nm)
configure:4447: result: /usr/bin/nm -B
configure:4565: checking the name lister (/usr/bin/nm -B) interface
configure:4572: gcc -c -g -O2  conftest.c >&5
configure:4575: /usr/bin/nm -B "conftest.o"
configure:4578: output
0000000000000000 B some_variable
configure:4585: result: BSD nm
configure:4588: checking whether ln -s works
configure:4592: result: yes
configure:4600: checking the maximum length of command line arguments
configure:4720: result: 3458764513820540925
configure:4737: checking whether the shell understands some XSI constructs
configure:4747: result: yes
configure:4751: checking whether the shell understands "+="
configure:4757: result: yes
configure:4792: checking for /usr/bin/ld option to reload object files
configure:4799: result: -r
configure:4868: checking for objdump
configure:4884: found /usr/bin/objdump
configure:4895: result: objdump
configure:4927: checking how to recognize dependent libraries
configure:5123: result: pass_all
configure:5183: checking for ar
configure:5199: found /usr/bin/ar
configure:5210: result: ar
configure:5288: checking for strip
configure:5304: found /usr/bin/strip
configure:5315: result: strip
configure:5387: checking for ranlib
configure:5403: found /usr/bin/ranlib
configure:5414: result: ranlib
configure:5504: checking command to parse /usr/bin/nm -B output from gcc object
configure:5622: gcc -c -g -O2  conftest.c >&5
configure:5625: $? = 0
configure:5629: /usr/bin/nm -B conftest.o \| sed -n -e 's/^.*[	 ]\([ABCDGIRSTW][ABCDGIRSTW]*\)[	 ][	 ]*\([_A-Za-z][_A-Za-z0-9]*\)$/\1 \2 \2/p' \> conftest.nm
configure:5632: $? = 0
configure:5686: gcc -o conftest -g -O2   conftest.c conftstm.o >&5
configure:5689: $? = 0
configure:5727: result: ok
configure:5823: gcc -c -g -O2  conftest.c >&5
configure:5826: $? = 0
configure:6536: checking how to run the C preprocessor
configure:6567: gcc -E  conftest.c
configure:6567: $? = 0
configure:6581: gcc -E  conftest.c
conftest.c:11:28: error: ac_nonexistent.h: No such file or directory
configure:6581: $? = 1
configure: failed program was:
| /* confdefs.h */
| #define PACKAGE_NAME ""
| #define PACKAGE_TARNAME ""
| #define PACKAGE_VERSION ""
| #define PACKAGE_STRING ""
| #define PACKAGE_BUGREPORT ""
| #define PACKAGE_URL ""
| #define PACKAGE "nautilus-edit-with-vim"
| #define VERSION "0.01"
| /* end confdefs.h.  */
| #include <ac_nonexistent.h>
configure:6606: result: gcc -E
configure:6626: gcc -E  conftest.c
configure:6626: $? = 0
configure:6640: gcc -E  conftest.c
conftest.c:11:28: error: ac_nonexistent.h: No such file or directory
configure:6640: $? = 1
configure: failed program was:
| /* confdefs.h */
| #define PACKAGE_NAME ""
| #define PACKAGE_TARNAME ""
| #define PACKAGE_VERSION ""
| #define PACKAGE_STRING ""
| #define PACKAGE_BUGREPORT ""
| #define PACKAGE_URL ""
| #define PACKAGE "nautilus-edit-with-vim"
| #define VERSION "0.01"
| /* end confdefs.h.  */
| #include <ac_nonexistent.h>
configure:6669: checking for ANSI C header files
configure:6689: gcc -c -g -O2  conftest.c >&5
configure:6689: $? = 0
configure:6762: gcc -o conftest -g -O2   conftest.c  >&5
configure:6762: $? = 0
configure:6762: ./conftest
configure:6762: $? = 0
configure:6773: result: yes
configure:6786: checking for sys/types.h
configure:6786: gcc -c -g -O2  conftest.c >&5
configure:6786: $? = 0
configure:6786: result: yes
configure:6786: checking for sys/stat.h
configure:6786: gcc -c -g -O2  conftest.c >&5
configure:6786: $? = 0
configure:6786: result: yes
configure:6786: checking for stdlib.h
configure:6786: gcc -c -g -O2  conftest.c >&5
configure:6786: $? = 0
configure:6786: result: yes
configure:6786: checking for string.h
configure:6786: gcc -c -g -O2  conftest.c >&5
configure:6786: $? = 0
configure:6786: result: yes
configure:6786: checking for memory.h
configure:6786: gcc -c -g -O2  conftest.c >&5
configure:6786: $? = 0
configure:6786: result: yes
configure:6786: checking for strings.h
configure:6786: gcc -c -g -O2  conftest.c >&5
configure:6786: $? = 0
configure:6786: result: yes
configure:6786: checking for inttypes.h
configure:6786: gcc -c -g -O2  conftest.c >&5
configure:6786: $? = 0
configure:6786: result: yes
configure:6786: checking for stdint.h
configure:6786: gcc -c -g -O2  conftest.c >&5
configure:6786: $? = 0
configure:6786: result: yes
configure:6786: checking for unistd.h
configure:6786: gcc -c -g -O2  conftest.c >&5
configure:6786: $? = 0
configure:6786: result: yes
configure:6801: checking for dlfcn.h
configure:6801: gcc -c -g -O2  conftest.c >&5
configure:6801: $? = 0
configure:6801: result: yes
configure:6985: checking for objdir
configure:7000: result: .libs
configure:7292: checking if gcc supports -fno-rtti -fno-exceptions
configure:7310: gcc -c -g -O2  -fno-rtti -fno-exceptions conftest.c >&5
cc1: warning: command line option "-fno-rtti" is valid for C++/ObjC++ but not for C
configure:7314: $? = 0
configure:7327: result: no
configure:7347: checking for gcc option to produce PIC
configure:7619: result: -fPIC -DPIC
configure:7631: checking if gcc PIC flag -fPIC -DPIC works
configure:7649: gcc -c -g -O2  -fPIC -DPIC -DPIC conftest.c >&5
configure:7653: $? = 0
configure:7666: result: yes
configure:7690: checking if gcc static flag -static works
configure:7718: result: yes
configure:7733: checking if gcc supports -c -o file.o
configure:7754: gcc -c -g -O2  -o out/conftest2.o conftest.c >&5
configure:7758: $? = 0
configure:7780: result: yes
configure:7788: checking if gcc supports -c -o file.o
configure:7835: result: yes
configure:7868: checking whether the gcc linker (/usr/bin/ld -m elf_x86_64) supports shared libraries
configure:8859: result: yes
configure:8896: checking whether -lc should be explicitly linked in
configure:8901: gcc -c -g -O2  conftest.c >&5
configure:8904: $? = 0
configure:8919: gcc -shared conftest.o  -v -Wl,-soname -Wl,conftest -o conftest 2\>\&1 \| /bin/grep  -lc  \>/dev/null 2\>\&1
configure:8922: $? = 0
configure:8934: result: no
configure:9098: checking dynamic linker characteristics
configure:9531: gcc -o conftest -g -O2   -Wl,-rpath -Wl,/foo conftest.c  >&5
configure:9531: $? = 0
configure:9761: result: GNU/Linux ld.so
configure:9863: checking how to hardcode library paths into programs
configure:9888: result: immediate
configure:10408: checking whether stripping libraries is possible
configure:10413: result: yes
configure:10448: checking if libtool supports shared libraries
configure:10450: result: yes
configure:10453: checking whether to build shared libraries
configure:10474: result: yes
configure:10477: checking whether to build static libraries
configure:10481: result: yes
configure:10522: checking for pkg-config
configure:10538: found /usr/bin/pkg-config
configure:10550: result: yes
configure:10560: checking for pkg-config
configure:10578: found /usr/bin/pkg-config
configure:10591: result: /usr/bin/pkg-config
configure:10714: checking pkg-config is at least version 0.9.0
configure:10717: result: yes
configure:10728: checking for NAUTILUS
configure:10741: $PKG_CONFIG --exists --print-errors "
	libnautilus-extension >= $NAUTILUS_REQUIRED
	glib-2.0 >= $GLIB_REQUIRED
	gio-2.0,
	gconf-2.0
"
configure:10749: $? = 0
configure:10774: $PKG_CONFIG --exists --print-errors "
	libnautilus-extension >= $NAUTILUS_REQUIRED
	glib-2.0 >= $GLIB_REQUIRED
	gio-2.0,
	gconf-2.0
"
configure:10782: $? = 0
configure:10857: result: yes
configure:10863: checking for GCONF
configure:10871: $PKG_CONFIG --exists --print-errors "gconf-2.0"
configure:10874: $? = 0
configure:10889: $PKG_CONFIG --exists --print-errors "gconf-2.0"
configure:10892: $? = 0
configure:10947: result: yes
configure:10953: checking for GNOMEDESKTOP
configure:10961: $PKG_CONFIG --exists --print-errors "gnome-desktop-2.0 >= $LIBGNOME_DESKTOP_REQUIRED"
configure:10964: $? = 0
configure:10979: $PKG_CONFIG --exists --print-errors "gnome-desktop-2.0 >= $LIBGNOME_DESKTOP_REQUIRED"
configure:10982: $? = 0
configure:11037: result: yes
configure:11065: checking for gconftool-2
configure:11083: found /usr/bin/gconftool-2
configure:11096: result: /usr/bin/gconftool-2
configure:11124: result: Using config source xml:merged:/etc/gconf/gconf.xml.defaults for schema installation
configure:11139: result: Using $(sysconfdir)/gconf/schemas as install directory for schema files
configure:11164: checking whether NLS is requested
configure:11173: result: yes
configure:11214: checking for msgfmt
configure: trying /usr/bin/msgfmt...
0 translated messages.
configure:11246: result: /usr/bin/msgfmt
configure:11255: checking for gmsgfmt
configure:11286: result: /usr/bin/msgfmt
configure:11337: checking for xgettext
configure: trying /usr/bin/xgettext...
/usr/bin/xgettext: warning: file `/dev/null' extension `' is unknown; will try C
configure:11369: result: /usr/bin/xgettext
configure:11415: checking for msgmerge
configure: trying /usr/bin/msgmerge...
configure:11446: result: /usr/bin/msgmerge
configure:11503: checking for ld used by GCC
configure:11567: result: /usr/bin/ld -m elf_x86_64
configure:11574: checking if the linker (/usr/bin/ld -m elf_x86_64) is GNU ld
configure:11587: result: yes
configure:11594: checking for shared library run path origin
configure:11607: result: done
configure:12108: checking for CFPreferencesCopyAppValue
configure:12126: gcc -o conftest -g -O2   conftest.c  -Wl,-framework -Wl,CoreFoundation >&5
conftest.c:23:42: error: CoreFoundation/CFPreferences.h: No such file or directory
conftest.c: In function 'main':
conftest.c:27: error: 'NULL' undeclared (first use in this function)
conftest.c:27: error: (Each undeclared identifier is reported only once
conftest.c:27: error: for each function it appears in.)
configure:12126: $? = 1
configure: failed program was:
| /* confdefs.h */
| #define PACKAGE_NAME ""
| #define PACKAGE_TARNAME ""
| #define PACKAGE_VERSION ""
| #define PACKAGE_STRING ""
| #define PACKAGE_BUGREPORT ""
| #define PACKAGE_URL ""
| #define PACKAGE "nautilus-edit-with-vim"
| #define VERSION "0.01"
| #define STDC_HEADERS 1
| #define HAVE_SYS_TYPES_H 1
| #define HAVE_SYS_STAT_H 1
| #define HAVE_STDLIB_H 1
| #define HAVE_STRING_H 1
| #define HAVE_MEMORY_H 1
| #define HAVE_STRINGS_H 1
| #define HAVE_INTTYPES_H 1
| #define HAVE_STDINT_H 1
| #define HAVE_UNISTD_H 1
| #define HAVE_DLFCN_H 1
| #define LT_OBJDIR ".libs/"
| /* end confdefs.h.  */
| #include <CoreFoundation/CFPreferences.h>
| int
| main ()
| {
| CFPreferencesCopyAppValue(NULL, NULL)
|   ;
|   return 0;
| }
configure:12135: result: no
configure:12142: checking for CFLocaleCopyCurrent
configure:12160: gcc -o conftest -g -O2   conftest.c  -Wl,-framework -Wl,CoreFoundation >&5
conftest.c:23:37: error: CoreFoundation/CFLocale.h: No such file or directory
configure:12160: $? = 1
configure: failed program was:
| /* confdefs.h */
| #define PACKAGE_NAME ""
| #define PACKAGE_TARNAME ""
| #define PACKAGE_VERSION ""
| #define PACKAGE_STRING ""
| #define PACKAGE_BUGREPORT ""
| #define PACKAGE_URL ""
| #define PACKAGE "nautilus-edit-with-vim"
| #define VERSION "0.01"
| #define STDC_HEADERS 1
| #define HAVE_SYS_TYPES_H 1
| #define HAVE_SYS_STAT_H 1
| #define HAVE_STDLIB_H 1
| #define HAVE_STRING_H 1
| #define HAVE_MEMORY_H 1
| #define HAVE_STRINGS_H 1
| #define HAVE_INTTYPES_H 1
| #define HAVE_STDINT_H 1
| #define HAVE_UNISTD_H 1
| #define HAVE_DLFCN_H 1
| #define LT_OBJDIR ".libs/"
| /* end confdefs.h.  */
| #include <CoreFoundation/CFLocale.h>
| int
| main ()
| {
| CFLocaleCopyCurrent();
|   ;
|   return 0;
| }
configure:12169: result: no
configure:12218: checking for GNU gettext in libc
configure:12238: gcc -o conftest -g -O2   conftest.c  >&5
configure:12238: $? = 0
configure:12247: result: yes
configure:12993: checking whether to use NLS
configure:12995: result: yes
configure:12998: checking where the gettext function comes from
configure:13009: result: libc
configure:13076: checking locale.h usability
configure:13076: gcc -c -g -O2  conftest.c >&5
configure:13076: $? = 0
configure:13076: result: yes
configure:13076: checking locale.h presence
configure:13076: gcc -E  conftest.c
configure:13076: $? = 0
configure:13076: result: yes
configure:13076: checking for locale.h
configure:13076: result: yes
configure:13087: checking for LC_MESSAGES
configure:13103: gcc -o conftest -g -O2   conftest.c  >&5
configure:13103: $? = 0
configure:13111: result: yes
configure:13128: checking libintl.h usability
configure:13128: gcc -c -g -O2  conftest.c >&5
configure:13128: $? = 0
configure:13128: result: yes
configure:13128: checking libintl.h presence
configure:13128: gcc -E  conftest.c
configure:13128: $? = 0
configure:13128: result: yes
configure:13128: checking for libintl.h
configure:13128: result: yes
configure:13136: checking for ngettext in libc
configure:13154: gcc -o conftest -g -O2   conftest.c  >&5
configure:13154: $? = 0
configure:13163: result: yes
configure:13167: checking for dgettext in libc
configure:13185: gcc -o conftest -g -O2   conftest.c  >&5
configure:13185: $? = 0
configure:13194: result: yes
configure:13201: checking for bind_textdomain_codeset
configure:13201: gcc -o conftest -g -O2   conftest.c  >&5
configure:13201: $? = 0
configure:13201: result: yes
configure:13477: checking for msgfmt
configure:13504: result: /usr/bin/msgfmt
configure:13515: checking for dcgettext
configure:13515: gcc -o conftest -g -O2   conftest.c   >&5
conftest.c:54: warning: conflicting types for built-in function 'dcgettext'
configure:13515: $? = 0
configure:13515: result: yes
configure:13525: checking if msgfmt accepts -c
configure:13540: $MSGFMT -c -o /dev/null conftest.foo
configure:13543: $? = 0
configure:13545: result: yes
configure:13555: checking for gmsgfmt
configure:13586: result: /usr/bin/msgfmt
configure:13596: checking for xgettext
configure:13623: result: /usr/bin/xgettext
configure:13642: gcc -o conftest -g -O2   conftest.c   >&5
configure:13642: $? = 0
configure:13788: checking for intltool >= 0.35.0
configure:13795: result: 0.41.0 found
configure:13803: checking for intltool-update
configure:13821: found /usr/bin/intltool-update
configure:13833: result: /usr/bin/intltool-update
configure:13843: checking for intltool-merge
configure:13861: found /usr/bin/intltool-merge
configure:13873: result: /usr/bin/intltool-merge
configure:13883: checking for intltool-extract
configure:13901: found /usr/bin/intltool-extract
configure:13913: result: /usr/bin/intltool-extract
configure:14044: checking for xgettext
configure:14074: result: /usr/bin/xgettext
configure:14084: checking for msgmerge
configure:14114: result: /usr/bin/msgmerge
configure:14124: checking for msgfmt
configure:14154: result: /usr/bin/msgfmt
configure:14164: checking for gmsgfmt
configure:14195: result: /usr/bin/msgfmt
configure:14215: checking for perl
configure:14233: found /usr/bin/perl
configure:14245: result: /usr/bin/perl
configure:14256: checking for perl >= 5.8.1
configure:14263: result: 5.10.1
configure:14267: checking for XML::Parser
configure:14270: result: ok
configure:14453: creating ./config.status

## ---------------- ##
## Cache variables. ##
## ---------------- ##

ac_cv_build=x86_64-unknown-linux-gnu
ac_cv_c_compiler_gnu=yes
ac_cv_env_CC_set=
ac_cv_env_CC_value=
ac_cv_env_CFLAGS_set=
ac_cv_env_CFLAGS_value=
ac_cv_env_CPPFLAGS_set=
ac_cv_env_CPPFLAGS_value=
ac_cv_env_CPP_set=
ac_cv_env_CPP_value=
ac_cv_env_GCONF_CFLAGS_set=
ac_cv_env_GCONF_CFLAGS_value=
ac_cv_env_GCONF_LIBS_set=
ac_cv_env_GCONF_LIBS_value=
ac_cv_env_GNOMEDESKTOP_CFLAGS_set=
ac_cv_env_GNOMEDESKTOP_CFLAGS_value=
ac_cv_env_GNOMEDESKTOP_LIBS_set=
ac_cv_env_GNOMEDESKTOP_LIBS_value=
ac_cv_env_LDFLAGS_set=
ac_cv_env_LDFLAGS_value=
ac_cv_env_LIBS_set=
ac_cv_env_LIBS_value=
ac_cv_env_NAUTILUS_CFLAGS_set=
ac_cv_env_NAUTILUS_CFLAGS_value=
ac_cv_env_NAUTILUS_LIBS_set=
ac_cv_env_NAUTILUS_LIBS_value=
ac_cv_env_PKG_CONFIG_set=
ac_cv_env_PKG_CONFIG_value=
ac_cv_env_build_alias_set=
ac_cv_env_build_alias_value=
ac_cv_env_host_alias_set=
ac_cv_env_host_alias_value=
ac_cv_env_target_alias_set=
ac_cv_env_target_alias_value=
ac_cv_func_bind_textdomain_codeset=yes
ac_cv_func_dcgettext=yes
ac_cv_header_dlfcn_h=yes
ac_cv_header_inttypes_h=yes
ac_cv_header_libintl_h=yes
ac_cv_header_locale_h=yes
ac_cv_header_memory_h=yes
ac_cv_header_stdc=yes
ac_cv_header_stdint_h=yes
ac_cv_header_stdlib_h=yes
ac_cv_header_string_h=yes
ac_cv_header_strings_h=yes
ac_cv_header_sys_stat_h=yes
ac_cv_header_sys_types_h=yes
ac_cv_header_unistd_h=yes
ac_cv_host=x86_64-unknown-linux-gnu
ac_cv_objext=o
ac_cv_path_EGREP='/bin/grep -E'
ac_cv_path_FGREP='/bin/grep -F'
ac_cv_path_GCONFTOOL=/usr/bin/gconftool-2
ac_cv_path_GMSGFMT=/usr/bin/msgfmt
ac_cv_path_GREP=/bin/grep
ac_cv_path_INTLTOOL_EXTRACT=/usr/bin/intltool-extract
ac_cv_path_INTLTOOL_MERGE=/usr/bin/intltool-merge
ac_cv_path_INTLTOOL_PERL=/usr/bin/perl
ac_cv_path_INTLTOOL_UPDATE=/usr/bin/intltool-update
ac_cv_path_MSGFMT=/usr/bin/msgfmt
ac_cv_path_MSGMERGE=/usr/bin/msgmerge
ac_cv_path_PKG_CONFIG=/usr/bin/pkg-config
ac_cv_path_SED=/bin/sed
ac_cv_path_XGETTEXT=/usr/bin/xgettext
ac_cv_path_install='/usr/bin/install -c'
ac_cv_path_mkdir=/bin/mkdir
ac_cv_prog_AWK=gawk
ac_cv_prog_CPP='gcc -E'
ac_cv_prog_HAVE_PKGCONFIG=yes
ac_cv_prog_ac_ct_AR=ar
ac_cv_prog_ac_ct_CC=gcc
ac_cv_prog_ac_ct_OBJDUMP=objdump
ac_cv_prog_ac_ct_RANLIB=ranlib
ac_cv_prog_ac_ct_STRIP=strip
ac_cv_prog_cc_c89=
ac_cv_prog_cc_g=yes
ac_cv_prog_make_make_set=yes
acl_cv_hardcode_direct=no
acl_cv_hardcode_libdir_flag_spec='${wl}-rpath ${wl}$libdir'
acl_cv_hardcode_libdir_separator=
acl_cv_hardcode_minus_L=no
acl_cv_libext=a
acl_cv_libname_spec='lib$name'
acl_cv_library_names_spec='$libname$shrext'
acl_cv_path_LD='/usr/bin/ld -m elf_x86_64'
acl_cv_prog_gnu_ld=yes
acl_cv_rpath=done
acl_cv_shlibext=so
acl_cv_wl=-Wl,
am_cv_CC_dependencies_compiler_type=gcc3
am_cv_val_LC_MESSAGES=yes
gt_cv_func_CFLocaleCopyCurrent=no
gt_cv_func_CFPreferencesCopyAppValue=no
gt_cv_func_dgettext_libc=yes
gt_cv_func_dgettext_libintl=no
gt_cv_func_gnugettext1_libc=yes
gt_cv_func_ngettext_libc=yes
gt_cv_have_gettext=yes
lt_cv_deplibs_check_method=pass_all
lt_cv_file_magic_cmd='$MAGIC_CMD'
lt_cv_file_magic_test_file=
lt_cv_ld_reload_flag=-r
lt_cv_nm_interface='BSD nm'
lt_cv_objdir=.libs
lt_cv_path_LD=/usr/bin/ld
lt_cv_path_NM='/usr/bin/nm -B'
lt_cv_prog_compiler_c_o=yes
lt_cv_prog_compiler_pic_works=yes
lt_cv_prog_compiler_rtti_exceptions=no
lt_cv_prog_compiler_static_works=yes
lt_cv_prog_gnu_ld=yes
lt_cv_sys_global_symbol_pipe='sed -n -e '\''s/^.*[	 ]\([ABCDGIRSTW][ABCDGIRSTW]*\)[	 ][	 ]*\([_A-Za-z][_A-Za-z0-9]*\)$/\1 \2 \2/p'\'''
lt_cv_sys_global_symbol_to_c_name_address='sed -n -e '\''s/^: \([^ ]*\) $/  {\"\1\", (void *) 0},/p'\'' -e '\''s/^[ABCDGIRSTW]* \([^ ]*\) \([^ ]*\)$/  {"\2", (void *) \&\2},/p'\'''
lt_cv_sys_global_symbol_to_c_name_address_lib_prefix='sed -n -e '\''s/^: \([^ ]*\) $/  {\"\1\", (void *) 0},/p'\'' -e '\''s/^[ABCDGIRSTW]* \([^ ]*\) \(lib[^ ]*\)$/  {"\2", (void *) \&\2},/p'\'' -e '\''s/^[ABCDGIRSTW]* \([^ ]*\) \([^ ]*\)$/  {"lib\2", (void *) \&\2},/p'\'''
lt_cv_sys_global_symbol_to_cdecl='sed -n -e '\''s/^T .* \(.*\)$/extern int \1();/p'\'' -e '\''s/^[ABCDGIRSTW]* .* \(.*\)$/extern char \1;/p'\'''
lt_cv_sys_max_cmd_len=3458764513820540925
pkg_cv_GCONF_CFLAGS='-DORBIT2=1 -pthread -I/usr/include/gconf/2 -I/usr/include/orbit-2.0 -I/usr/include/dbus-1.0 -I/usr/lib/dbus-1.0/include -I/usr/include/glib-2.0 -I/usr/lib/glib-2.0/include  '
pkg_cv_GCONF_LIBS='-lgconf-2 -lglib-2.0  '
pkg_cv_GNOMEDESKTOP_CFLAGS='-pthread -D_REENTRANT -I/usr/include/gnome-desktop-2.0 -I/usr/include/gtk-2.0 -I/usr/include/startup-notification-1.0 -I/usr/lib/gtk-2.0/include -I/usr/include/atk-1.0 -I/usr/include/cairo -I/usr/include/pango-1.0 -I/usr/include/gio-unix-2.0/ -I/usr/include/glib-2.0 -I/usr/lib/glib-2.0/include -I/usr/include/pixman-1 -I/usr/include/freetype2 -I/usr/include/directfb -I/usr/include/libpng12  '
pkg_cv_GNOMEDESKTOP_LIBS='-pthread -lgnome-desktop-2 -lgtk-x11-2.0 -lstartup-notification-1 -lgdk-x11-2.0 -latk-1.0 -lgio-2.0 -lpangoft2-1.0 -lgdk_pixbuf-2.0 -lm -lpangocairo-1.0 -lcairo -lpango-1.0 -lfreetype -lfontconfig -lgobject-2.0 -lgmodule-2.0 -lgthread-2.0 -lrt -lglib-2.0  '
pkg_cv_NAUTILUS_CFLAGS='-pthread -D_REENTRANT -DORBIT2=1 -I/usr/include/nautilus -I/usr/include/glib-2.0 -I/usr/lib/glib-2.0/include -I/usr/include/gtk-2.0 -I/usr/lib/gtk-2.0/include -I/usr/include/atk-1.0 -I/usr/include/cairo -I/usr/include/pango-1.0 -I/usr/include/gio-unix-2.0/ -I/usr/include/pixman-1 -I/usr/include/freetype2 -I/usr/include/directfb -I/usr/include/libpng12 -I/usr/include/gconf/2 -I/usr/include/orbit-2.0 -I/usr/include/dbus-1.0 -I/usr/lib/dbus-1.0/include  '
pkg_cv_NAUTILUS_LIBS='-pthread -lnautilus-extension -lgtk-x11-2.0 -lgdk-x11-2.0 -latk-1.0 -lpangoft2-1.0 -lgdk_pixbuf-2.0 -lm -lpangocairo-1.0 -lcairo -lpango-1.0 -lfreetype -lfontconfig -lgio-2.0 -lgobject-2.0 -lgmodule-2.0 -lgthread-2.0 -lrt -lgconf-2 -lglib-2.0  '

## ----------------- ##
## Output variables. ##
## ----------------- ##

ACLOCAL='${SHELL} /home/ken/code/nautilus-edit-with-vim/missing --run aclocal-1.11'
ALL_LINGUAS=''
AMDEPBACKSLASH='\'
AMDEP_FALSE='#'
AMDEP_TRUE=''
AMTAR='${SHELL} /home/ken/code/nautilus-edit-with-vim/missing --run tar'
AR='ar'
AUTOCONF='${SHELL} /home/ken/code/nautilus-edit-with-vim/missing --run autoconf'
AUTOHEADER='${SHELL} /home/ken/code/nautilus-edit-with-vim/missing --run autoheader'
AUTOMAKE='${SHELL} /home/ken/code/nautilus-edit-with-vim/missing --run automake-1.11'
AWK='gawk'
CATALOGS=''
CATOBJEXT='.gmo'
CC='gcc'
CCDEPMODE='depmode=gcc3'
CFLAGS='-g -O2'
CPP='gcc -E'
CPPFLAGS=''
CYGPATH_W='echo'
DATADIRNAME='share'
DEFS='-DHAVE_CONFIG_H'
DEPDIR='.deps'
DSYMUTIL=''
DUMPBIN=''
ECHO_C=''
ECHO_N='-n'
ECHO_T=''
EGREP='/bin/grep -E'
EXEEXT=''
FGREP='/bin/grep -F'
GCONFTOOL='/usr/bin/gconftool-2'
GCONF_CFLAGS='-DORBIT2=1 -pthread -I/usr/include/gconf/2 -I/usr/include/orbit-2.0 -I/usr/include/dbus-1.0 -I/usr/lib/dbus-1.0/include -I/usr/include/glib-2.0 -I/usr/lib/glib-2.0/include  '
GCONF_LIBS='-lgconf-2 -lglib-2.0  '
GCONF_SCHEMAS_INSTALL_FALSE='#'
GCONF_SCHEMAS_INSTALL_TRUE=''
GCONF_SCHEMA_CONFIG_SOURCE='xml:merged:/etc/gconf/gconf.xml.defaults'
GCONF_SCHEMA_FILE_DIR='$(sysconfdir)/gconf/schemas'
GETTEXT_MACRO_VERSION='0.17'
GETTEXT_PACKAGE='nautilus-edit-with-vim'
GMOFILES=''
GMSGFMT='/usr/bin/msgfmt'
GMSGFMT_015='/usr/bin/msgfmt'
GNOMEDESKTOP_CFLAGS='-pthread -D_REENTRANT -I/usr/include/gnome-desktop-2.0 -I/usr/include/gtk-2.0 -I/usr/include/startup-notification-1.0 -I/usr/lib/gtk-2.0/include -I/usr/include/atk-1.0 -I/usr/include/cairo -I/usr/include/pango-1.0 -I/usr/include/gio-unix-2.0/ -I/usr/include/glib-2.0 -I/usr/lib/glib-2.0/include -I/usr/include/pixman-1 -I/usr/include/freetype2 -I/usr/include/directfb -I/usr/include/libpng12  '
GNOMEDESKTOP_LIBS='-pthread -lgnome-desktop-2 -lgtk-x11-2.0 -lstartup-notification-1 -lgdk-x11-2.0 -latk-1.0 -lgio-2.0 -lpangoft2-1.0 -lgdk_pixbuf-2.0 -lm -lpangocairo-1.0 -lcairo -lpango-1.0 -lfreetype -lfontconfig -lgobject-2.0 -lgmodule-2.0 -lgthread-2.0 -lrt -lglib-2.0  '
GREP='/bin/grep'
HAVE_PKGCONFIG='yes'
INSTALL_DATA='${INSTALL} -m 644'
INSTALL_PROGRAM='${INSTALL}'
INSTALL_SCRIPT='${INSTALL}'
INSTALL_STRIP_PROGRAM='$(install_sh) -c -s'
INSTOBJEXT='.mo'
INTLLIBS=''
INTLTOOL_CAVES_RULE='%.caves:     %.caves.in     $(INTLTOOL_MERGE) $(wildcard $(top_srcdir)/po/*.po) ; LC_ALL=C $(INTLTOOL_MERGE) -d -u -c $(top_builddir)/po/.intltool-merge-cache $(top_srcdir)/po $< $@'
INTLTOOL_DESKTOP_RULE='%.desktop:   %.desktop.in   $(INTLTOOL_MERGE) $(wildcard $(top_srcdir)/po/*.po) ; LC_ALL=C $(INTLTOOL_MERGE) -d -u -c $(top_builddir)/po/.intltool-merge-cache $(top_srcdir)/po $< $@'
INTLTOOL_DIRECTORY_RULE='%.directory: %.directory.in $(INTLTOOL_MERGE) $(wildcard $(top_srcdir)/po/*.po) ; LC_ALL=C $(INTLTOOL_MERGE) -d -u -c $(top_builddir)/po/.intltool-merge-cache $(top_srcdir)/po $< $@'
INTLTOOL_EXTRACT='/usr/bin/intltool-extract'
INTLTOOL_KBD_RULE='%.kbd:       %.kbd.in       $(INTLTOOL_MERGE) $(wildcard $(top_srcdir)/po/*.po) ; LC_ALL=C $(INTLTOOL_MERGE) -x -u -m -c $(top_builddir)/po/.intltool-merge-cache $(top_srcdir)/po $< $@'
INTLTOOL_KEYS_RULE='%.keys:      %.keys.in      $(INTLTOOL_MERGE) $(wildcard $(top_srcdir)/po/*.po) ; LC_ALL=C $(INTLTOOL_MERGE) -k -u -c $(top_builddir)/po/.intltool-merge-cache $(top_srcdir)/po $< $@'
INTLTOOL_MERGE='/usr/bin/intltool-merge'
INTLTOOL_OAF_RULE='%.oaf:       %.oaf.in       $(INTLTOOL_MERGE) $(wildcard $(top_srcdir)/po/*.po) ; LC_ALL=C $(INTLTOOL_MERGE) -o -p $(top_srcdir)/po $< $@'
INTLTOOL_PERL='/usr/bin/perl'
INTLTOOL_POLICY_RULE='%.policy:    %.policy.in    $(INTLTOOL_MERGE) $(wildcard $(top_srcdir)/po/*.po) ; LC_ALL=C $(INTLTOOL_MERGE) -x -u -c $(top_builddir)/po/.intltool-merge-cache $(top_srcdir)/po $< $@'
INTLTOOL_PONG_RULE='%.pong:      %.pong.in      $(INTLTOOL_MERGE) $(wildcard $(top_srcdir)/po/*.po) ; LC_ALL=C $(INTLTOOL_MERGE) -x -u -c $(top_builddir)/po/.intltool-merge-cache $(top_srcdir)/po $< $@'
INTLTOOL_PROP_RULE='%.prop:      %.prop.in      $(INTLTOOL_MERGE) $(wildcard $(top_srcdir)/po/*.po) ; LC_ALL=C $(INTLTOOL_MERGE) -d -u -c $(top_builddir)/po/.intltool-merge-cache $(top_srcdir)/po $< $@'
INTLTOOL_SCHEMAS_RULE='%.schemas:   %.schemas.in   $(INTLTOOL_MERGE) $(wildcard $(top_srcdir)/po/*.po) ; LC_ALL=C $(INTLTOOL_MERGE) -s -u -c $(top_builddir)/po/.intltool-merge-cache $(top_srcdir)/po $< $@'
INTLTOOL_SERVER_RULE='%.server:    %.server.in    $(INTLTOOL_MERGE) $(wildcard $(top_srcdir)/po/*.po) ; LC_ALL=C $(INTLTOOL_MERGE) -o -u -c $(top_builddir)/po/.intltool-merge-cache $(top_srcdir)/po $< $@'
INTLTOOL_SERVICE_RULE='%.service: %.service.in   $(INTLTOOL_MERGE) $(wildcard $(top_srcdir)/po/*.po) ; LC_ALL=C $(INTLTOOL_MERGE) -d -u -c $(top_builddir)/po/.intltool-merge-cache $(top_srcdir)/po $< $@'
INTLTOOL_SHEET_RULE='%.sheet:     %.sheet.in     $(INTLTOOL_MERGE) $(wildcard $(top_srcdir)/po/*.po) ; LC_ALL=C $(INTLTOOL_MERGE) -x -u -c $(top_builddir)/po/.intltool-merge-cache $(top_srcdir)/po $< $@'
INTLTOOL_SOUNDLIST_RULE='%.soundlist: %.soundlist.in $(INTLTOOL_MERGE) $(wildcard $(top_srcdir)/po/*.po) ; LC_ALL=C $(INTLTOOL_MERGE) -d -u -c $(top_builddir)/po/.intltool-merge-cache $(top_srcdir)/po $< $@'
INTLTOOL_THEME_RULE='%.theme:     %.theme.in     $(INTLTOOL_MERGE) $(wildcard $(top_srcdir)/po/*.po) ; LC_ALL=C $(INTLTOOL_MERGE) -d -u -c $(top_builddir)/po/.intltool-merge-cache $(top_srcdir)/po $< $@'
INTLTOOL_UI_RULE='%.ui:        %.ui.in        $(INTLTOOL_MERGE) $(wildcard $(top_srcdir)/po/*.po) ; LC_ALL=C $(INTLTOOL_MERGE) -x -u -c $(top_builddir)/po/.intltool-merge-cache $(top_srcdir)/po $< $@'
INTLTOOL_UPDATE='/usr/bin/intltool-update'
INTLTOOL_XAM_RULE='%.xam:       %.xml.in       $(INTLTOOL_MERGE) $(wildcard $(top_srcdir)/po/*.po) ; LC_ALL=C $(INTLTOOL_MERGE) -x -u -c $(top_builddir)/po/.intltool-merge-cache $(top_srcdir)/po $< $@'
INTLTOOL_XML_NOMERGE_RULE='%.xml:       %.xml.in       $(INTLTOOL_MERGE) ; LC_ALL=C $(INTLTOOL_MERGE) -x -u /tmp $< $@'
INTLTOOL_XML_RULE='%.xml:       %.xml.in       $(INTLTOOL_MERGE) $(wildcard $(top_srcdir)/po/*.po) ; LC_ALL=C $(INTLTOOL_MERGE) -x -u -c $(top_builddir)/po/.intltool-merge-cache $(top_srcdir)/po $< $@'
INTL_MACOSX_LIBS=''
LD='/usr/bin/ld -m elf_x86_64'
LDFLAGS=''
LIBICONV='-liconv'
LIBINTL=''
LIBOBJS=''
LIBS=''
LIBTOOL='$(SHELL) $(top_builddir)/libtool'
LIPO=''
LN_S='ln -s'
LTLIBICONV='-liconv'
LTLIBINTL=''
LTLIBOBJS=''
MAKEINFO='${SHELL} /home/ken/code/nautilus-edit-with-vim/missing --run makeinfo'
MKDIR_P='/bin/mkdir -p'
MKINSTALLDIRS='./mkinstalldirs'
MSGFMT='/usr/bin/msgfmt'
MSGFMT_015='/usr/bin/msgfmt'
MSGFMT_OPTS='-c'
MSGMERGE='/usr/bin/msgmerge'
NAUTILUS_CFLAGS='-pthread -D_REENTRANT -DORBIT2=1 -I/usr/include/nautilus -I/usr/include/glib-2.0 -I/usr/lib/glib-2.0/include -I/usr/include/gtk-2.0 -I/usr/lib/gtk-2.0/include -I/usr/include/atk-1.0 -I/usr/include/cairo -I/usr/include/pango-1.0 -I/usr/include/gio-unix-2.0/ -I/usr/include/pixman-1 -I/usr/include/freetype2 -I/usr/include/directfb -I/usr/include/libpng12 -I/usr/include/gconf/2 -I/usr/include/orbit-2.0 -I/usr/include/dbus-1.0 -I/usr/lib/dbus-1.0/include  '
NAUTILUS_EXTENSION_DIR='/usr/lib/nautilus/extensions-2.0'
NAUTILUS_LIBS='-pthread -lnautilus-extension -lgtk-x11-2.0 -lgdk-x11-2.0 -latk-1.0 -lpangoft2-1.0 -lgdk_pixbuf-2.0 -lm -lpangocairo-1.0 -lcairo -lpango-1.0 -lfreetype -lfontconfig -lgio-2.0 -lgobject-2.0 -lgmodule-2.0 -lgthread-2.0 -lrt -lgconf-2 -lglib-2.0  '
NM='/usr/bin/nm -B'
NMEDIT=''
OBJDUMP='objdump'
OBJEXT='o'
OTOOL64=''
OTOOL=''
PACKAGE='nautilus-edit-with-vim'
PACKAGE_BUGREPORT=''
PACKAGE_NAME=''
PACKAGE_STRING=''
PACKAGE_TARNAME=''
PACKAGE_URL=''
PACKAGE_VERSION=''
PATH_SEPARATOR=':'
PKG_CONFIG='/usr/bin/pkg-config'
POFILES=''
POSUB='po'
PO_IN_DATADIR_FALSE=''
PO_IN_DATADIR_TRUE=''
RANLIB='ranlib'
SED='/bin/sed'
SET_MAKE=''
SHELL='/bin/bash'
STRIP='strip'
USE_NLS='yes'
VERSION='0.01'
XGETTEXT='/usr/bin/xgettext'
XGETTEXT_015='/usr/bin/xgettext'
XGETTEXT_EXTRA_OPTIONS=''
ac_ct_CC='gcc'
ac_ct_DUMPBIN=''
am__EXEEXT_FALSE=''
am__EXEEXT_TRUE='#'
am__fastdepCC_FALSE='#'
am__fastdepCC_TRUE=''
am__include='include'
am__isrc=''
am__leading_dot='.'
am__quote=''
am__tar='${AMTAR} chof - "$$tardir"'
am__untar='${AMTAR} xf -'
bindir='${exec_prefix}/bin'
build='x86_64-unknown-linux-gnu'
build_alias=''
build_cpu='x86_64'
build_os='linux-gnu'
build_vendor='unknown'
datadir='${datarootdir}'
datarootdir='${prefix}/share'
docdir='${datarootdir}/doc/${PACKAGE}'
dvidir='${docdir}'
exec_prefix='${prefix}'
host='x86_64-unknown-linux-gnu'
host_alias=''
host_cpu='x86_64'
host_os='linux-gnu'
host_vendor='unknown'
htmldir='${docdir}'
includedir='${prefix}/include'
infodir='${datarootdir}/info'
install_sh='${SHELL} /home/ken/code/nautilus-edit-with-vim/install-sh'
libdir='${exec_prefix}/lib'
libexecdir='${exec_prefix}/libexec'
localedir='${datarootdir}/locale'
localstatedir='${prefix}/var'
lt_ECHO='echo'
mandir='${datarootdir}/man'
mkdir_p='/bin/mkdir -p'
oldincludedir='/usr/include'
pdfdir='${docdir}'
prefix='/usr/local'
program_transform_name='s,x,x,'
psdir='${docdir}'
sbindir='${exec_prefix}/sbin'
sharedstatedir='${prefix}/com'
sysconfdir='${prefix}/etc'
target_alias=''

## ----------- ##
## confdefs.h. ##
## ----------- ##

/* confdefs.h */
#define PACKAGE_NAME ""
#define PACKAGE_TARNAME ""
#define PACKAGE_VERSION ""
#define PACKAGE_STRING ""
#define PACKAGE_BUGREPORT ""
#define PACKAGE_URL ""
#define PACKAGE "nautilus-edit-with-vim"
#define VERSION "0.01"
#define STDC_HEADERS 1
#define HAVE_SYS_TYPES_H 1
#define HAVE_SYS_STAT_H 1
#define HAVE_STDLIB_H 1
#define HAVE_STRING_H 1
#define HAVE_MEMORY_H 1
#define HAVE_STRINGS_H 1
#define HAVE_INTTYPES_H 1
#define HAVE_STDINT_H 1
#define HAVE_UNISTD_H 1
#define HAVE_DLFCN_H 1
#define LT_OBJDIR ".libs/"
#define ENABLE_NLS 1
#define HAVE_GETTEXT 1
#define HAVE_DCGETTEXT 1
#define GETTEXT_PACKAGE "nautilus-edit-with-vim"
#define HAVE_LOCALE_H 1
#define HAVE_LC_MESSAGES 1
#define HAVE_BIND_TEXTDOMAIN_CODESET 1
#define HAVE_GETTEXT 1
#define HAVE_DCGETTEXT 1
#define ENABLE_NLS 1

configure: exit 0

## ---------------------- ##
## Running config.status. ##
## ---------------------- ##

This file was extended by config.status, which was
generated by GNU Autoconf 2.65.  Invocation command line was

  CONFIG_FILES    = 
  CONFIG_HEADERS  = 
  CONFIG_LINKS    = 
  CONFIG_COMMANDS = 
  $ ./config.status 

on 31081-ou

config.status:1176: creating po/Makefile.in
config.status:1176: creating Makefile
config.status:1176: creating src/Makefile
config.status:1176: creating config.h
config.status:1348: config.h is unchanged
config.status:1396: executing depfiles commands
config.status:1396: executing libtool commands
config.status:1396: executing po-directories commands
config.status:1396: executing default-1 commands
config.status:1396: executing po/stamp-it commands

## ---------------------- ##
## Running config.status. ##
## ---------------------- ##

This file was extended by config.status, which was
generated by GNU Autoconf 2.65.  Invocation command line was

  CONFIG_FILES    = 
  CONFIG_HEADERS  = 
  CONFIG_LINKS    = 
  CONFIG_COMMANDS = 
  $ ./config.status config.h

on 31081-ou

config.status:1176: creating config.h
config.status:1348: config.h is unchanged
